2019-04-03 21:30:44,192 [INFO ] [main] : Logging initialized @275ms
2019-04-03 21:30:44,212 [INFO ] [main] : jetty-9.2.z-SNAPSHOT
2019-04-03 21:30:44,257 [INFO ] [main] : Started ServerConnector@291ec15a{HTTP/1.1}{0.0.0.0:8989}
2019-04-03 21:30:44,257 [INFO ] [main] : Started @343ms
2019-04-03 21:32:15,130 [INFO ] [main] : Logging initialized @231ms
2019-04-03 21:32:15,150 [INFO ] [main] : jetty-9.2.z-SNAPSHOT
2019-04-03 21:32:15,191 [INFO ] [main] : Started ServerConnector@71bc1ae4{HTTP/1.1}{0.0.0.0:8989}
2019-04-03 21:32:15,191 [INFO ] [main] : Started @294ms
2019-04-03 21:32:31,208 [ERROR] [qtp2058534881-13] : enter in gentx method and then gen raw transaction
2019-04-03 21:32:31,209 [ERROR] [qtp2058534881-13] : [genRawTransaction begin]
2019-04-03 21:32:31,209 [ERROR] [qtp2058534881-13] : json_transaction: {"inputs":[{"txid":"beee85182e8750130954bdc6ea2059557c8e1a039bc7e883580a22904004a60d","vout":0,"privatekey":"bb4e06287c2906227843ae9bec4aa8359b70c0e1c1946f0d9ae332fe17bd4a5f"}],"outputs":[{"address":"EbVJXeoqfVDHctVPPTpjuHDzdFhiZdchYb","amount":"20000000"},{"address":"EYRG2PZXENqrVa5R68hKgtULe1qZ5h9GcN","amount":"12999999.999999"}]}
2019-04-03 21:32:31,209 [ERROR] [qtp2058534881-13] : utxoInputs: [{"txid":"beee85182e8750130954bdc6ea2059557c8e1a039bc7e883580a22904004a60d","vout":0,"privatekey":"bb4e06287c2906227843ae9bec4aa8359b70c0e1c1946f0d9ae332fe17bd4a5f"}]
2019-04-03 21:32:31,298 [ERROR] [qtp2058534881-13] : outputs: [{"address":"EbVJXeoqfVDHctVPPTpjuHDzdFhiZdchYb","amount":"20000000"},{"address":"EYRG2PZXENqrVa5R68hKgtULe1qZ5h9GcN","amount":"12999999.999999"}]
2019-04-03 21:32:31,300 [ERROR] [qtp2058534881-13] : bool = false
2019-04-03 21:32:31,300 [ERROR] [qtp2058534881-13] : bool is false
2019-04-03 21:32:31,300 [ERROR] [qtp2058534881-13] : utxo input size: 1
2019-04-03 21:32:31,300 [ERROR] [qtp2058534881-13] : utxo output size: 2
2019-04-03 21:32:31,301 [ERROR] [qtp2058534881-13] : NewTransferAssetTransaction start
2019-04-03 21:32:31,301 [ERROR] [qtp2058534881-13] : inputs: ReferTxId: [B@4ac176c7
ReferOutputIndex: 0
sequence: 0
private key: bb4e06287c2906227843ae9bec4aa8359b70c0e1c1946f0d9ae332fe17bd4a5f
program hash: 21A77143C3EF9B8BEBFAD8AE3CFE0149EA27BBCC09
2019-04-03 21:32:31,301 [ERROR] [qtp2058534881-13] : outputs: org.elastos.ela.TxOutput@72baa73a
2019-04-03 21:32:31,301 [ERROR] [qtp2058534881-13] : outputs: org.elastos.ela.TxOutput@76c89749
2019-04-03 21:32:31,302 [ERROR] [qtp2058534881-13] : txin: ReferTxId: [B@4ac176c7
ReferOutputIndex: 0
sequence: 0
private key: bb4e06287c2906227843ae9bec4aa8359b70c0e1c1946f0d9ae332fe17bd4a5f
program hash: 21A77143C3EF9B8BEBFAD8AE3CFE0149EA27BBCC09
2019-04-03 21:32:31,302 [ERROR] [qtp2058534881-13] : NewTransferAssetTransaction end
2019-04-03 21:32:31,309 [ERROR] [qtp2058534881-13] : rawTx: org.elastos.ela.RawTx@789a1df6
2019-04-03 21:32:31,309 [ERROR] [qtp2058534881-13] : resultMap: {rawtx=0902000100142D36373730343731373639373337323339353937010DA6044090220A5883E8C79B031A8E7C555920EAC6BD54091350872E1885EEBE00000000000002B037DB964A231458D2D6FFD5EA18944C4F90E63D547C5D3B9874DF66A4EAD0A300008D49FD1A07000000000021C91D65869D78B54E9645DBCE9E97D354BABAE8D100B037DB964A231458D2D6FFD5EA18944C4F90E63D547C5D3B9874DF66A4EAD0A39C3F35D6579E04000000000021A77143C3EF9B8BEBFAD8AE3CFE0149EA27BBCC090000000000014140D88818397C08633A2F7CC62FE116EC5CAF98440BA43E15E3AABD4161E3DB28464C1445E48F329A3B1195CB5331E4BE5FFD9544F25D314B6B13118DA6A4A90791232102C4B563ED00C7FA2D37EBB2BAE0811C7387A5FBE462AF4B3539F134D134034482AC, txhash=95E3C36959C7F4CA3D0E6CBC3F2ACA967F503D6B660C690397ADB9A6DD7CE3B6}
2019-04-03 21:32:31,339 [INFO ] [qtp2058534881-13] : {"result":{"rawtx":"0902000100142D36373730343731373639373337323339353937010DA6044090220A5883E8C79B031A8E7C555920EAC6BD54091350872E1885EEBE00000000000002B037DB964A231458D2D6FFD5EA18944C4F90E63D547C5D3B9874DF66A4EAD0A300008D49FD1A07000000000021C91D65869D78B54E9645DBCE9E97D354BABAE8D100B037DB964A231458D2D6FFD5EA18944C4F90E63D547C5D3B9874DF66A4EAD0A39C3F35D6579E04000000000021A77143C3EF9B8BEBFAD8AE3CFE0149EA27BBCC090000000000014140D88818397C08633A2F7CC62FE116EC5CAF98440BA43E15E3AABD4161E3DB28464C1445E48F329A3B1195CB5331E4BE5FFD9544F25D314B6B13118DA6A4A90791232102C4B563ED00C7FA2D37EBB2BAE0811C7387A5FBE462AF4B3539F134D134034482AC","txhash":"95E3C36959C7F4CA3D0E6CBC3F2ACA967F503D6B660C690397ADB9A6DD7CE3B6"},"id":null,"jsonrpc":"2.0","error":null}
2019-04-03 21:32:31,339 [ERROR] [qtp2058534881-13] : [genRawTransaction end]
2019-04-03 21:35:58,033 [INFO ] [main] : Logging initialized @388ms
2019-04-03 21:35:58,057 [INFO ] [main] : jetty-9.2.z-SNAPSHOT
2019-04-03 21:35:58,110 [INFO ] [main] : Started ServerConnector@71bc1ae4{HTTP/1.1}{0.0.0.0:8989}
2019-04-03 21:35:58,110 [INFO ] [main] : Started @468ms
2019-04-03 21:36:25,449 [ERROR] [qtp2058534881-17] : enter in gentx method and then gen raw transaction
2019-04-03 21:36:25,449 [ERROR] [qtp2058534881-17] : [genRawTransaction begin]
2019-04-03 21:36:25,450 [ERROR] [qtp2058534881-17] : json_transaction: {"inputs":[{"txid":"5e60935bba77c36f933d03954112bf196ae539ae2505f7843b821d391b37d449","vout":0,"privatekey":"5f099e8505eaf96a2a4b584c1f1d231bd76d204718fc0aa8c8b0e5cd234e4427"}],"outputs":[{"address":"EU31JjB7g4fWjNP6JkmSjTk1meB9xojt6F","amount":"20000000"},{"address":"EU9wEsLh9nA3JBcYVWcc4J2Mo21oT3Tp2Y","amount":"12999999.999999"}]}
2019-04-03 21:36:25,450 [ERROR] [qtp2058534881-17] : utxoInputs: [{"txid":"5e60935bba77c36f933d03954112bf196ae539ae2505f7843b821d391b37d449","vout":0,"privatekey":"5f099e8505eaf96a2a4b584c1f1d231bd76d204718fc0aa8c8b0e5cd234e4427"}]
2019-04-03 21:36:25,541 [ERROR] [qtp2058534881-17] : outputs: [{"address":"EU31JjB7g4fWjNP6JkmSjTk1meB9xojt6F","amount":"20000000"},{"address":"EU9wEsLh9nA3JBcYVWcc4J2Mo21oT3Tp2Y","amount":"12999999.999999"}]
2019-04-03 21:36:25,544 [ERROR] [qtp2058534881-17] : bool = false
2019-04-03 21:36:25,544 [ERROR] [qtp2058534881-17] : bool is false
2019-04-03 21:36:25,544 [ERROR] [qtp2058534881-17] : utxo input size: 1
2019-04-03 21:36:25,544 [ERROR] [qtp2058534881-17] : utxo output size: 2
2019-04-03 21:36:25,545 [ERROR] [qtp2058534881-17] : NewTransferAssetTransaction start
2019-04-03 21:36:25,545 [ERROR] [qtp2058534881-17] : inputs: ReferTxId: [B@32dbd283
ReferOutputIndex: 0
sequence: 0
private key: 5f099e8505eaf96a2a4b584c1f1d231bd76d204718fc0aa8c8b0e5cd234e4427
program hash: 2178AAD76283E231CD9DE10D11D40E3F941EF4CA44
2019-04-03 21:36:25,545 [ERROR] [qtp2058534881-17] : outputs: org.elastos.ela.TxOutput@5e4711
2019-04-03 21:36:25,545 [ERROR] [qtp2058534881-17] : outputs: org.elastos.ela.TxOutput@34ed5434
2019-04-03 21:36:25,545 [ERROR] [qtp2058534881-17] : txin: ReferTxId: [B@32dbd283
ReferOutputIndex: 0
sequence: 0
private key: 5f099e8505eaf96a2a4b584c1f1d231bd76d204718fc0aa8c8b0e5cd234e4427
program hash: 2178AAD76283E231CD9DE10D11D40E3F941EF4CA44
2019-04-03 21:36:25,545 [ERROR] [qtp2058534881-17] : NewTransferAssetTransaction end
2019-04-03 21:36:25,553 [ERROR] [qtp2058534881-17] : rawTx: org.elastos.ela.RawTx@6dd081ed
2019-04-03 21:36:25,553 [ERROR] [qtp2058534881-17] : resultMap: {rawtx=090200010013323639343634393639343730373232313736300149D4371B391D823B84F70525AE39E56A19BF124195033D936FC377BA5B93605E00000000000002B037DB964A231458D2D6FFD5EA18944C4F90E63D547C5D3B9874DF66A4EAD0A300008D49FD1A07000000000021775B52FE184590B288E75F0FD7FE8E3703708B2A00B037DB964A231458D2D6FFD5EA18944C4F90E63D547C5D3B9874DF66A4EAD0A39C3F35D6579E0400000000002178AAD76283E231CD9DE10D11D40E3F941EF4CA4400000000000141403B438B99C2212594459143EE46CAD9C4C67F246834141C029DBB0099389414E0EE60218941FF1073A4B29194B49DCF50748F92C33D56C12B7482D080790DEB49232103F44330F9C0FD357EBD4A11321B478352D5734F0204B12EFAE1E667C4A7F29AFBAC, txhash=DDDF8715115E88B880BEE70E0F7B317B7A80122B21549E639881AAB25CE2F794}
2019-04-03 21:36:25,584 [INFO ] [qtp2058534881-17] : {"result":{"rawtx":"090200010013323639343634393639343730373232313736300149D4371B391D823B84F70525AE39E56A19BF124195033D936FC377BA5B93605E00000000000002B037DB964A231458D2D6FFD5EA18944C4F90E63D547C5D3B9874DF66A4EAD0A300008D49FD1A07000000000021775B52FE184590B288E75F0FD7FE8E3703708B2A00B037DB964A231458D2D6FFD5EA18944C4F90E63D547C5D3B9874DF66A4EAD0A39C3F35D6579E0400000000002178AAD76283E231CD9DE10D11D40E3F941EF4CA4400000000000141403B438B99C2212594459143EE46CAD9C4C67F246834141C029DBB0099389414E0EE60218941FF1073A4B29194B49DCF50748F92C33D56C12B7482D080790DEB49232103F44330F9C0FD357EBD4A11321B478352D5734F0204B12EFAE1E667C4A7F29AFBAC","txhash":"DDDF8715115E88B880BEE70E0F7B317B7A80122B21549E639881AAB25CE2F794"},"id":null,"jsonrpc":"2.0","error":null}
2019-04-03 21:36:25,585 [ERROR] [qtp2058534881-17] : [genRawTransaction end]
